This is pdfTeXk, Version 3.141592-1.40.3 (Web2C 7.5.6) (format=pdflatex 2007.5.18)  26 FEB 2013 23:18
entering extended mode
\write18 enabled.
 %&-line parsing enabled.
**IF_HOC_6_ESB.tex
(./IF_HOC_6_ESB.tex
LaTeX2e <2005/12/01>
Babel <v3.8h> and hyphenation patterns for english, usenglishmax, dumylang, noh
yphenation, arabic, basque, bulgarian, coptic, welsh, czech, slovak, german, ng
erman, danish, esperanto, spanish, catalan, galician, estonian, farsi, finnish,
 french, greek, monogreek, ancientgreek, croatian, hungarian, interlingua, ibyc
us, indonesian, icelandic, italian, latin, mongolian, dutch, norsk, polish, por
tuguese, pinyin, romanian, russian, slovenian, uppersorbian, serbian, swedish, 
turkish, ukenglish, ukrainian, loaded.
(/usr/local/texlive/2007/texmf-dist/tex/latex/revtex/revtex4.cls
Document Class: revtex4 2001/08/02 v4.0 (http://publish.aps.org/revtex4/ for do
cumentation)
 Copyright (c) 2001 The American Physical Society.
 mailto:revtex@aps.org
 Licensed under the LPPL:
http://www.ctan.org/tex-archive/macros/latex/base/lppl.txt
 Arthur Ogawa <ogawa@teleport.com>
 Based on work by David Carlisle <david@dcarlisle.demon.co.uk>.
ltxutil: portions licensed from W. E. Baxter (web@superscript.com)
Class revtex4 Info: Repairing broken LateX \@sect on input line 596.
\intertabularlinepenalty=\count79
\@tbpen=\count80
\@arstrutbox@hline=\box26
Class revtex4 Info: Repairing broken LaTeX \@xbitor on input line 1610.
ltxgrid: portions licensed from W. E. Baxter (web@superscript.com)
\c@linecount=\count81
\output=\toks14
\@protection@box=\box27
\@topmark@saved=\toks15
\footins@saved=\box28
\pagesofar=\box29
\footbox=\box30
\pagegrid@col=\count82
Class revtex4 Info: Incorporating package {textcase}  [1998/11/12 v0.06 Text on
ly upper/lower case changing (DPC)]. on input line 3682.
(/usr/local/texlive/2007/texmf-dist/tex/latex/ltxmisc/url.sty
\Urlmuskip=\muskip10
Package: url 2005/06/27  ver 3.2  Verb mode for urls, etc.
)
\c@affil=\count83
\absbox=\box31
\c@part=\count84
\c@section=\count85
\c@subsection=\count86
\c@subsubsection=\count87
\c@paragraph=\count88
\c@subparagraph=\count89
\abovecaptionskip=\skip41
\belowcaptionskip=\skip42
\c@figure=\count90
\c@table=\count91

(/usr/local/texlive/2007/texmf-dist/tex/latex/natbib/natbib.sty
Package: natbib 2007/02/05 8.0 (PWD)
\bibhang=\skip43
\bibsep=\skip44
LaTeX Info: Redefining \cite on input line 602.
\c@NAT@ctr=\count92
)
\widetext@top=\box32
\widetext@bot=\box33

(/usr/local/texlive/2007/texmf-dist/tex/latex/revtex/revsymb.sty
Package: revsymb 2001/08/02 v4.0 (http://publish.aps.org/revtex4/ for documenta
tion)
LaTeX Info: Redefining \REV@mathfrak on input line 118.
))
(/usr/local/texlive/2007/texmf-dist/tex/latex/amsfonts/amssymb.sty
Package: amssymb 2002/01/22 v2.2d

(/usr/local/texlive/2007/texmf-dist/tex/latex/amsfonts/amsfonts.sty
Package: amsfonts 2001/10/25 v2.2f
\@emptytoks=\toks16
\symAMSa=\mathgroup4
\symAMSb=\mathgroup5
LaTeX Font Info:    Overwriting math alphabet `\mathfrak' in version `bold'
(Font)                  U/euf/m/n --> U/euf/b/n on input line 132.
LaTeX Info: Redefining \frak on input line 135.
LaTeX Info: Redefining \Bbb on input line 137.
))
(/usr/local/texlive/2007/texmf-dist/tex/latex/amsmath/amsmath.sty
Package: amsmath 2000/07/18 v2.13 AMS math features
\@mathmargin=\skip45

For additional information on amsmath, use the `?' option.
(/usr/local/texlive/2007/texmf-dist/tex/latex/amsmath/amstext.sty
Package: amstext 2000/06/29 v2.01

(/usr/local/texlive/2007/texmf-dist/tex/latex/amsmath/amsgen.sty
File: amsgen.sty 1999/11/30 v2.0
\@emptytoks=\toks17
\ex@=\dimen102
))
(/usr/local/texlive/2007/texmf-dist/tex/latex/amsmath/amsbsy.sty
Package: amsbsy 1999/11/29 v1.2d
\pmbraise@=\dimen103
)
(/usr/local/texlive/2007/texmf-dist/tex/latex/amsmath/amsopn.sty
Package: amsopn 1999/12/14 v2.01 operator names
)
\inf@bad=\count93
LaTeX Info: Redefining \frac on input line 211.
\uproot@=\count94
\leftroot@=\count95
LaTeX Info: Redefining \overline on input line 307.
\classnum@=\count96
\DOTSCASE@=\count97
LaTeX Info: Redefining \ldots on input line 379.
LaTeX Info: Redefining \dots on input line 382.
LaTeX Info: Redefining \cdots on input line 467.
\Mathstrutbox@=\box34
\strutbox@=\box35
\big@size=\dimen104
LaTeX Font Info:    Redeclaring font encoding OML on input line 567.
LaTeX Font Info:    Redeclaring font encoding OMS on input line 568.
\macc@depth=\count98
\c@MaxMatrixCols=\count99
\dotsspace@=\muskip11
\c@parentequation=\count100
\dspbrk@lvl=\count101
\tag@help=\toks18
\row@=\count102
\column@=\count103
\maxfields@=\count104
\andhelp@=\toks19
\eqnshift@=\dimen105
\alignsep@=\dimen106
\tagshift@=\dimen107
\tagwidth@=\dimen108
\totwidth@=\dimen109
\lineht@=\dimen110
\@envbody=\toks20
\multlinegap=\skip46
\multlinetaggap=\skip47
\mathdisplay@stack=\toks21
LaTeX Info: Redefining \[ on input line 2666.
LaTeX Info: Redefining \] on input line 2667.
)
(/usr/local/texlive/2007/texmf-dist/tex/latex/revtex/aps.rtx
File: aps.rtx 2001/08/02 v4.0 (http://publish.aps.org/revtex4/ for documentatio
n)
)
(/usr/local/texlive/2007/texmf-dist/tex/latex/revtex/10pt.rtx
File: 10pt.rtx 2001/08/02 v4.0 (http://publish.aps.org/revtex4/ for documentati
on)
)
(/usr/local/texlive/2007/texmf-dist/tex/latex/graphics/graphicx.sty
Package: graphicx 1999/02/16 v1.0f Enhanced LaTeX Graphics (DPC,SPQR)

(/usr/local/texlive/2007/texmf-dist/tex/latex/graphics/keyval.sty
Package: keyval 1999/03/16 v1.13 key=value parser (DPC)
\KV@toks@=\toks22
)
(/usr/local/texlive/2007/texmf-dist/tex/latex/graphics/graphics.sty
Package: graphics 2006/02/20 v1.0o Standard LaTeX Graphics (DPC,SPQR)

(/usr/local/texlive/2007/texmf-dist/tex/latex/graphics/trig.sty
Package: trig 1999/03/16 v1.09 sin cos tan (DPC)
)
(/usr/local/texlive/2007/texmf/tex/latex/config/graphics.cfg
File: graphics.cfg 2007/01/18 v1.5 graphics configuration of teTeX/TeXLive
)
Package graphics Info: Driver file: pdftex.def on input line 90.

(/usr/local/texlive/2007/texmf-dist/tex/latex/pdftex-def/pdftex.def
File: pdftex.def 2007/01/08 v0.04d Graphics/color for pdfTeX
\Gread@gobject=\count105
))
\Gin@req@height=\dimen111
\Gin@req@width=\dimen112
)
(/Users/etsb/Library/texmf/tex/latex/dcolumn.sty
Package: dcolumn 2001/05/28 v1.06 decimal alignment package (DPC)

(/Users/etsb/Library/texmf/tex/latex/array.sty
Package: array 2005/08/23 v2.4b Tabular extension package (FMi)
\col@sep=\dimen113
\extrarowheight=\dimen114
\NC@list=\toks23
\extratabsurround=\skip48
\backup@length=\skip49
))
(/Users/etsb/Library/texmf/tex/latex/bm.sty
Package: bm 2004/02/26 v1.1c Bold Symbol Support (DPC/FMi)
\symboldoperators=\mathgroup6
\symboldletters=\mathgroup7
\symboldsymbols=\mathgroup8
LaTeX Font Info:    Redeclaring math alphabet \mathbf on input line 137.
LaTeX Info: Redefining \bm on input line 203.
)
(/usr/local/texlive/2007/texmf-dist/tex/latex/xcolor/xcolor.sty
Package: xcolor 2007/01/21 v2.11 LaTeX color extensions (UK)

(/usr/local/texlive/2007/texmf/tex/latex/config/color.cfg
File: color.cfg 2007/01/18 v1.5 color configuration of teTeX/TeXLive
)
Package xcolor Info: Package option `usenames' ignored on input line 216.
Package xcolor Info: Driver file: pdftex.def on input line 225.
Package xcolor Info: Model `cmy' substituted by `cmy0' on input line 1337.
Package xcolor Info: Model `hsb' substituted by `rgb' on input line 1341.
Package xcolor Info: Model `RGB' extended on input line 1353.
Package xcolor Info: Model `HTML' substituted by `rgb' on input line 1355.
Package xcolor Info: Model `Hsb' substituted by `hsb' on input line 1356.
Package xcolor Info: Model `tHsb' substituted by `hsb' on input line 1357.
Package xcolor Info: Model `HSB' substituted by `hsb' on input line 1358.
Package xcolor Info: Model `Gray' substituted by `gray' on input line 1359.
Package xcolor Info: Model `wave' substituted by `hsb' on input line 1360.

(/usr/local/texlive/2007/texmf-dist/tex/latex/graphics/dvipsnam.def
File: dvipsnam.def 1999/02/16 v3.0i Driver-dependant file (DPC,SPQR)
))

LaTeX Warning: Unused global option(s):
    [reprint].

(./IF_HOC_6_ESB.aux)
\openout1 = `IF_HOC_6_ESB.aux'.

LaTeX Font Info:    Checking defaults for OML/cmm/m/it on input line 69.
LaTeX Font Info:    ... okay on input line 69.
LaTeX Font Info:    Checking defaults for T1/cmr/m/n on input line 69.
LaTeX Font Info:    ... okay on input line 69.
LaTeX Font Info:    Checking defaults for OT1/cmr/m/n on input line 69.
LaTeX Font Info:    ... okay on input line 69.
LaTeX Font Info:    Checking defaults for OMS/cmsy/m/n on input line 69.
LaTeX Font Info:    ... okay on input line 69.
LaTeX Font Info:    Checking defaults for OMX/cmex/m/n on input line 69.
LaTeX Font Info:    ... okay on input line 69.
LaTeX Font Info:    Checking defaults for U/cmr/m/n on input line 69.
LaTeX Font Info:    ... okay on input line 69.
Class revtex4 Info: Patching array package. on input line 69.
Class revtex4 Info: cite was not loaded (OK!) on input line 69.
Class revtex4 Info: multicol was not loaded (OK!) on input line 69.

(/usr/local/texlive/2007/texmf-dist/tex/context/base/supp-pdf.tex
[Loading MPS to PDF converter (version 2006.09.02).]
\scratchcounter=\count106
\scratchdimen=\dimen115
\scratchbox=\box36
\nofMPsegments=\count107
\nofMParguments=\count108
\MPscratchCnt=\count109
\MPscratchDim=\dimen116
\MPnumerator=\count110
\everyMPtoPDFconversion=\toks24
)
LaTeX Font Info:    Try loading font information for U+msa on input line 97.
 (/usr/local/texlive/2007/texmf-dist/tex/latex/amsfonts/umsa.fd
File: umsa.fd 2002/01/19 v2.2g AMS font definitions
)
LaTeX Font Info:    Try loading font information for U+msb on input line 97.

(/usr/local/texlive/2007/texmf-dist/tex/latex/amsfonts/umsb.fd
File: umsb.fd 2002/01/19 v2.2g AMS font definitions
)

Class revtex4 Warning: If you want your PACS to appear in your output, use docu
ment class option showpacs.

LaTeX Font Info:    Try loading font information for OMS+cmr on input line 100.

(/usr/local/texlive/2007/texmf-dist/tex/latex/base/omscmr.fd
File: omscmr.fd 1999/05/25 v2.5h Standard LaTeX font definitions
)
LaTeX Font Info:    Font shape `OMS/cmr/m/n' in size <10> not available
(Font)              Font shape `OMS/cmsy/m/n' tried instead on input line 100.


Package natbib Warning: Citation `shlens' on page 1 undefined on input line 109
.


Package natbib Warning: Citation `another review' on page 1 undefined on input 
line 109.


Package natbib Warning: Citation `pillow' on page 1 undefined on input line 109
.


Package natbib Warning: Citation `ganmor' on page 1 undefined on input line 109
.


Package natbib Warning: Citation `kass review' on page 1 undefined on input lin
e 109.


Package natbib Warning: Citation `joel review' on page 1 undefined on input lin
e 109.


Package natbib Warning: Citation `schneidman06' on page 1 undefined on input li
ne 109.


Package natbib Warning: Citation `shlens06' on page 1 undefined on input line 1
09.


Package natbib Warning: Citation `shlens09' on page 1 undefined on input line 1
09.


Package natbib Warning: Citation `victor' on page 1 undefined on input line 109
.


Package natbib Warning: Citation `ganmor' on page 1 undefined on input line 109
.


Package natbib Warning: Citation `montani' on page 1 undefined on input line 10
9.


Package natbib Warning: Citation `yu' on page 1 undefined on input line 109.


Package natbib Warning: Citation `shadnew08' on page 1 undefined on input line 
111.


Package natbib Warning: Citation `binpowers' on page 1 undefined on input line 
111.


Package natbib Warning: Citation `tr08' on page 1 undefined on input line 111.



pdfTeX warning: /usr/texbin/pdflatex (file ../../R/fig_1/EIF_schematic.pdf): PD
F inclusion: found PDF version <1.5>, but at most version <1.4> allowed
<../../R/fig_1/EIF_schematic.pdf, id=1, 487.8225pt x 199.1691pt>
File: ../../R/fig_1/EIF_schematic.pdf Graphic file (type pdf)

<use ../../R/fig_1/EIF_schematic.pdf>
Overfull \hbox (241.8213pt too wide) in paragraph at lines 140--141
 [][] 
 []

[1{/usr/local/texlive/2007/texmf-var/fonts/map/pdftex/updmap/pdftex.map}]

LaTeX Warning: A float is stuck (cannot be placed) on input line 148.


LaTeX Warning: A float is stuck (cannot be placed) on input line 148.


Class revtex4 Warning: Deferred float stuck during \clearpage processing.


Package natbib Warning: Citation `Macke' on page 2 undefined on input line 155.



Package natbib Warning: Citation `Barreiro' on page 2 undefined on input line 1
55.


Package natbib Warning: Citation `Panzeri' on page 2 undefined on input line 15
5.



pdfTeX warning: /usr/texbin/pdflatex (file ../../R/fig_2/fig_2a_test.pdf): PDF 
inclusion: found PDF version <1.5>, but at most version <1.4> allowed
<../../R/fig_2/fig_2a_test.pdf, id=22, 243.91125pt x 361.35pt>
File: ../../R/fig_2/fig_2a_test.pdf Graphic file (type pdf)

<use ../../R/fig_2/fig_2a_test.pdf>

LaTeX Warning: `h' float specifier changed to `ht'.


Package natbib Warning: Citation `Macke' on page 2 undefined on input line 169.



Package natbib Warning: Citation `cf. Roudi' on page 2 undefined on input line 
169.



pdfTeX warning: /usr/texbin/pdflatex (file ../../R/fig_1/LNL_schematic.pdf): PD
F inclusion: found PDF version <1.5>, but at most version <1.4> allowed
<../../R/fig_1/LNL_schematic.pdf, id=23, 246.9225pt x 199.1691pt>
File: ../../R/fig_1/LNL_schematic.pdf Graphic file (type pdf)

<use ../../R/fig_1/LNL_schematic.pdf>
Overfull \hbox (0.92188pt too wide) in paragraph at lines 185--186
 [][] 
 []



pdfTeX warning: /usr/texbin/pdflatex (file ../../R/fig_3/fig_3a_test.pdf): PDF 
inclusion: found PDF version <1.5>, but at most version <1.4> allowed
<../../R/fig_3/fig_3a_test.pdf, id=24, 243.91125pt x 361.35pt>
File: ../../R/fig_3/fig_3a_test.pdf Graphic file (type pdf)

<use ../../R/fig_3/fig_3a_test.pdf>

LaTeX Warning: `h' float specifier changed to `ht'.



pdfTeX warning: /usr/texbin/pdflatex (file ../../R/fig_4/fig_4.pdf): PDF inclus
ion: found PDF version <1.5>, but at most version <1.4> allowed
<../../R/fig_4/fig_4.pdf, id=25, 487.8225pt x 119.44624pt>
File: ../../R/fig_4/fig_4.pdf Graphic file (type pdf)

<use ../../R/fig_4/fig_4.pdf> [2 <../../R/fig_1/EIF_schematic.pdf

pdfTeX warning: /usr/texbin/pdflatex (file ../../R/fig_1/EIF_schematic.pdf): PD
F inclusion: Page Group detected which pdfTeX can't handle. Ignoring it.
> <../../R/fig_2/fig_2a_test.pdf

pdfTeX warning: /usr/texbin/pdflatex (file ../../R/fig_2/fig_2a_test.pdf): PDF 
inclusion: Page Group detected which pdfTeX can't handle. Ignoring it.
>]

LaTeX Warning: A float is stuck (cannot be placed) on input line 204.


LaTeX Warning: A float is stuck (cannot be placed) on input line 204.


Class revtex4 Warning: Deferred float stuck during \clearpage processing.

[3 <../../R/fig_1/LNL_schematic.pdf

pdfTeX warning: /usr/texbin/pdflatex (file ../../R/fig_1/LNL_schematic.pdf): PD
F inclusion: Page Group detected which pdfTeX can't handle. Ignoring it.
> <../../R/fig_3/fig_3a_test.pdf

pdfTeX warning: /usr/texbin/pdflatex (file ../../R/fig_3/fig_3a_test.pdf): PDF 
inclusion: Page Group detected which pdfTeX can't handle. Ignoring it.
>]

Package natbib Warning: Citation `Amari' on page 4 undefined on input line 268.



Package natbib Warning: Citation `Macke' on page 4 undefined on input line 268.



Package natbib Warning: Citation `Yu' on page 4 undefined on input line 268.


Package natbib Warning: Citation `Amari' on page 4 undefined on input line 270.



Package natbib Warning: Citation `Macke' on page 4 undefined on input line 270.


[4 <../../R/fig_4/fig_4.pdf

pdfTeX warning: /usr/texbin/pdflatex (file ../../R/fig_4/fig_4.pdf): PDF inclus
ion: Page Group detected which pdfTeX can't handle. Ignoring it.
>]
Underfull \hbox (badness 1776) in paragraph at lines 303--306
[]\OT1/cmr/m/it/10 Summary and con-clu-sion: \OT1/cmr/m/n/10 We have shown that

 []

(./IF_HOC_6_ESB.bbl) [5]

Package natbib Warning: Citation `Abb-Dayan' on page 6 undefined on input line 
333.


Package natbib Warning: There were undefined citations.

[6] (./IF_HOC_6_ESB.aux) ) 
Here is how much of TeX's memory you used:
 4027 strings out of 94073
 49280 string characters out of 1162984
 128908 words of memory out of 1500000
 7246 multiletter control sequences out of 10000+50000
 16993 words of font info for 63 fonts, out of 1200000 for 2000
 645 hyphenation exceptions out of 8191
 34i,12n,35p,1367b,303s stack positions out of 5000i,500n,6000p,200000b,5000s
</usr/local/texlive/2007/texmf-dist/fonts/type1/blues
ky/cm/cmbx10.pfb></usr/local/texlive/2007/texmf-dist/fonts/type1/bluesky/cm/cmb
x12.pfb></usr/local/texlive/2007/texmf-dist/fonts/type1/bluesky/cm/cmbx9.pfb></
usr/local/texlive/2007/texmf-dist/fonts/type1/bluesky/cm/cmex10.pfb></usr/local
/texlive/2007/texmf-dist/fonts/type1/bluesky/cm/cmmi10.pfb></usr/local/texlive/
2007/texmf-dist/fonts/type1/bluesky/cm/cmmi6.pfb></usr/local/texlive/2007/texmf
-dist/fonts/type1/bluesky/cm/cmmi7.pfb></usr/local/texlive/2007/texmf-dist/font
s/type1/bluesky/cm/cmmi9.pfb></usr/local/texlive/2007/texmf-dist/fonts/type1/bl
uesky/cm/cmr10.pfb></usr/local/texlive/2007/texmf-dist/fonts/type1/bluesky/cm/c
mr7.pfb></usr/local/texlive/2007/texmf-dist/fonts/type1/bluesky/cm/cmr8.pfb></u
sr/local/texlive/2007/texmf-dist/fonts/type1/bluesky/cm/cmr9.pfb></usr/local/te
xlive/2007/texmf-dist/fonts/type1/bluesky/cm/cmsy10.pfb></usr/local/texlive/200
7/texmf-dist/fonts/type1/bluesky/cm/cmsy5.pfb></usr/local/texlive/2007/texmf-di
st/fonts/type1/bluesky/cm/cmsy6.pfb></usr/local/texlive/2007/texmf-dist/fonts/t
ype1/bluesky/cm/cmsy7.pfb></usr/local/texlive/2007/texmf-dist/fonts/type1/blues
ky/cm/cmsy9.pfb></usr/local/texlive/2007/texmf-dist/fonts/type1/bluesky/cm/cmti
10.pfb></usr/local/texlive/2007/texmf-dist/fonts/type1/bluesky/cm/cmti9.pfb></u
sr/local/texlive/2007/texmf-dist/fonts/type1/bluesky/cm/cmtt8.pfb>
Output written on IF_HOC_6_ESB.pdf (6 pages, 1431895 bytes).
PDF statistics:
 2026 PDF objects out of 2073 (max. 8388607)
 0 named destinations out of 1000 (max. 131072)
 26 words of extra memory for PDF output out of 10000 (max. 10000000)

