This is pdfTeXk, Version 3.141592-1.40.3 (Web2C 7.5.6) (format=pdflatex 2007.5.18)  7 NOV 2012 10:55
entering extended mode
\write18 enabled.
 %&-line parsing enabled.
**IF_HOC_5.tex
(./IF_HOC_5.tex
LaTeX2e <2005/12/01>
Babel <v3.8h> and hyphenation patterns for english, usenglishmax, dumylang, noh
yphenation, arabic, basque, bulgarian, coptic, welsh, czech, slovak, german, ng
erman, danish, esperanto, spanish, catalan, galician, estonian, farsi, finnish,
 french, greek, monogreek, ancientgreek, croatian, hungarian, interlingua, ibyc
us, indonesian, icelandic, italian, latin, mongolian, dutch, norsk, polish, por
tuguese, pinyin, romanian, russian, slovenian, uppersorbian, serbian, swedish, 
turkish, ukenglish, ukrainian, loaded.

(/Users/etsb/Library/texmf/tex/latex/revtex4-1/revtex4-1-tds/tex/latex/revtex/r
evtex4-1.cls
Document Class: revtex4-1 2010/07/25/20:33:00 4.1r (http://publish.aps.org/revt
ex4/ for documentation)
 Copyright (c) 2009 The American Physical Society.
 mailto:revtex@aps.org
 Licensed under the LPPL:
http://www.ctan.org/tex-archive/macros/latex/base/lppl.txt
 Arthur Ogawa <arthur_ogawa at sbcglobal dot net>
 Based on work by David Carlisle <david at dcarlisle.demon.co.uk>.
ltxutil[2010/07/25/20:33:00 4.1r utilities package (portions licensed from W. E
. Baxter web at superscript.com)]
LaTeX Info: Redefining \@centercr on input line 308.
Class revtex4-1 Info: Repairing broken LaTeX eqnarray on input line 358.
\eqncolsep=\skip41
Class revtex4-1 Info: Repairing hyperref-unfriendly LaTeX definition of \mpfoot
note on input line 433.
Class revtex4-1 Info: Repairing broken LateX \@sect on input line 755.
\intertabularlinepenalty=\count79
\@tbpen=\count80
\@arstrutbox@hline=\box26
Class revtex4-1 Info: Repairing broken LaTeX \@xbitor on input line 1786.
Class revtex4-1 Info: Making \typeout \long on input line 2046.
ltxfront[2010/07/25/20:33:00 4.1r frontmatter package (AO,DPC)]
\c@affil=\count81
\c@collab=\count82
\absbox=\box27
ltxgrid[2010/07/25/20:33:00 4.1r page grid package (portions licensed from W. E
. Baxter web at superscript.com)]
\c@linecount=\count83
\output@latex=\toks14
\box@size@1=\box28
\box@size@2=\box29
\@protection@box=\box30
\@topmark@saved=\toks15
\footins@saved=\box31
\footins@recovered=\box32
\column@recovered=\box33
\pagesofar=\box34
\footsofar=\box35
\pagegrid@col=\count84
Class revtex4-1 Info: Overriding \@vspace, \@vspacer, \@no@pgbk, \@newline, and
 \\  on input line 5578.
\c@part=\count85
\c@section=\count86
\c@subsection=\count87
\c@subsubsection=\count88
\c@paragraph=\count89
\c@subparagraph=\count90
\abovecaptionskip=\skip42
\belowcaptionskip=\skip43
\c@figure=\count91
\fbox@1=\box36
\c@table=\count92
\fbox@2=\box37
\c@video=\count93
\fbox@4=\box38
\@bibdataout=\write3
\widetext@top=\box39
\widetext@bot=\box40
Class revtex4-1 Info: Selecting society aps on input line 7542.

(/Users/etsb/Library/texmf/tex/latex/revtex4-1/revtex4-1-tds/tex/latex/revtex/a
ps4-1.rtx
File: aps4-1 2010/07/25/20:33:00 4.1r (http://publish.aps.org/revtex4/ for docu
mentation)
Class revtex4-1 Info: RevTeX society APS selected on input line 31.
)

Class revtex4-1 Warning: No journal specified, using default pra.

Class revtex4-1 Info: APS journal PRA selected on input line 7545.

(/Users/etsb/Library/texmf/tex/latex/revtex4-1/revtex4-1-tds/tex/latex/revtex/a
ps10pt4-1.rtx
File: aps10pt4-1 2010/07/25/20:33:00 4.1r (http://publish.aps.org/revtex4/ for 
documentation)
Class revtex4-1 Info: RevTeX pointsize 10pt selected on input line 30.
)
(/usr/local/texlive/2007/texmf-dist/tex/latex/textcase/textcase.sty
Package: textcase 2004/10/07 v0.07 Text only upper/lower case changing (DPC)
)
(/usr/local/texlive/2007/texmf-dist/tex/latex/amsfonts/amssymb.sty
Package: amssymb 2002/01/22 v2.2d

(/usr/local/texlive/2007/texmf-dist/tex/latex/amsfonts/amsfonts.sty
Package: amsfonts 2001/10/25 v2.2f
\@emptytoks=\toks16
\symAMSa=\mathgroup4
\symAMSb=\mathgroup5
LaTeX Font Info:    Overwriting math alphabet `\mathfrak' in version `bold'
(Font)                  U/euf/m/n --> U/euf/b/n on input line 132.
))
(/usr/local/texlive/2007/texmf-dist/tex/latex/amsmath/amsmath.sty
Package: amsmath 2000/07/18 v2.13 AMS math features
\@mathmargin=\skip44

For additional information on amsmath, use the `?' option.
(/usr/local/texlive/2007/texmf-dist/tex/latex/amsmath/amstext.sty
Package: amstext 2000/06/29 v2.01

(/usr/local/texlive/2007/texmf-dist/tex/latex/amsmath/amsgen.sty
File: amsgen.sty 1999/11/30 v2.0
\@emptytoks=\toks17
\ex@=\dimen102
)
LaTeX Info: Redefining \text on input line 53.
)
(/usr/local/texlive/2007/texmf-dist/tex/latex/amsmath/amsbsy.sty
Package: amsbsy 1999/11/29 v1.2d
\pmbraise@=\dimen103
)
(/usr/local/texlive/2007/texmf-dist/tex/latex/amsmath/amsopn.sty
Package: amsopn 1999/12/14 v2.01 operator names
)
\inf@bad=\count94
LaTeX Info: Redefining \frac on input line 211.
\uproot@=\count95
\leftroot@=\count96
LaTeX Info: Redefining \overline on input line 307.
\classnum@=\count97
\DOTSCASE@=\count98
LaTeX Info: Redefining \ldots on input line 379.
LaTeX Info: Redefining \dots on input line 382.
LaTeX Info: Redefining \cdots on input line 467.
\Mathstrutbox@=\box41
\strutbox@=\box42
\big@size=\dimen104
LaTeX Font Info:    Redeclaring font encoding OML on input line 567.
LaTeX Font Info:    Redeclaring font encoding OMS on input line 568.
\macc@depth=\count99
\c@MaxMatrixCols=\count100
\dotsspace@=\muskip10
\c@parentequation=\count101
\dspbrk@lvl=\count102
\tag@help=\toks18
\row@=\count103
\column@=\count104
\maxfields@=\count105
\andhelp@=\toks19
\eqnshift@=\dimen105
\alignsep@=\dimen106
\tagshift@=\dimen107
\tagwidth@=\dimen108
\totwidth@=\dimen109
\lineht@=\dimen110
\@envbody=\toks20
\multlinegap=\skip45
\multlinetaggap=\skip46
\mathdisplay@stack=\toks21
LaTeX Info: Redefining \[ on input line 2666.
LaTeX Info: Redefining \] on input line 2667.
)
(/usr/local/texlive/2007/texmf-dist/tex/latex/ltxmisc/url.sty
\Urlmuskip=\muskip11
Package: url 2005/06/27  ver 3.2  Verb mode for urls, etc.
)
(/usr/local/texlive/2007/texmf-dist/tex/latex/natbib/natbib.sty
Package: natbib 2007/02/05 8.0 (PWD)
\bibhang=\skip47
\bibsep=\skip48
LaTeX Info: Redefining \cite on input line 602.
\c@NAT@ctr=\count106
)

LaTeX Warning: You have requested, on input line 7549, version
               `2009/11/07 8.31a (PWD, AO)' of package natbib,
               but only version
               `2007/02/05 8.0 (PWD)'
               is available.


(/Users/etsb/Library/texmf/tex/latex/revtex4-1/revtex4-1-tds/tex/latex/revtex/r
evsymb4-1.sty
Package: revsymb4-1 2010/07/25/20:33:00 4.1r (http://publish.aps.org/revtex4/ f
or documentation)
LaTeX Info: Redefining \frak on input line 95.
LaTeX Info: Redefining \Bbb on input line 111.
LaTeX Info: Redefining \REV@mathfrak on input line 119.
))
(/usr/local/texlive/2007/texmf-dist/tex/latex/graphics/graphicx.sty
Package: graphicx 1999/02/16 v1.0f Enhanced LaTeX Graphics (DPC,SPQR)

(/usr/local/texlive/2007/texmf-dist/tex/latex/graphics/keyval.sty
Package: keyval 1999/03/16 v1.13 key=value parser (DPC)
\KV@toks@=\toks22
)
(/usr/local/texlive/2007/texmf-dist/tex/latex/graphics/graphics.sty
Package: graphics 2006/02/20 v1.0o Standard LaTeX Graphics (DPC,SPQR)

(/usr/local/texlive/2007/texmf-dist/tex/latex/graphics/trig.sty
Package: trig 1999/03/16 v1.09 sin cos tan (DPC)
)
(/usr/local/texlive/2007/texmf/tex/latex/config/graphics.cfg
File: graphics.cfg 2007/01/18 v1.5 graphics configuration of teTeX/TeXLive
)
Package graphics Info: Driver file: pdftex.def on input line 90.

(/usr/local/texlive/2007/texmf-dist/tex/latex/pdftex-def/pdftex.def
File: pdftex.def 2007/01/08 v0.04d Graphics/color for pdfTeX
\Gread@gobject=\count107
))
\Gin@req@height=\dimen111
\Gin@req@width=\dimen112
)
(/Users/etsb/Library/texmf/tex/latex/dcolumn.sty
Package: dcolumn 2001/05/28 v1.06 decimal alignment package (DPC)

(/Users/etsb/Library/texmf/tex/latex/array.sty
Package: array 2005/08/23 v2.4b Tabular extension package (FMi)
\col@sep=\dimen113
\extrarowheight=\dimen114
\NC@list=\toks23
\extratabsurround=\skip49
\backup@length=\skip50
))
(/Users/etsb/Library/texmf/tex/latex/bm.sty
Package: bm 2004/02/26 v1.1c Bold Symbol Support (DPC/FMi)
\symboldoperators=\mathgroup6
\symboldletters=\mathgroup7
\symboldsymbols=\mathgroup8
LaTeX Font Info:    Redeclaring math alphabet \mathbf on input line 137.
LaTeX Info: Redefining \bm on input line 203.
)
(/usr/local/texlive/2007/texmf-dist/tex/latex/xcolor/xcolor.sty
Package: xcolor 2007/01/21 v2.11 LaTeX color extensions (UK)

(/usr/local/texlive/2007/texmf/tex/latex/config/color.cfg
File: color.cfg 2007/01/18 v1.5 color configuration of teTeX/TeXLive
)
Package xcolor Info: Package option `usenames' ignored on input line 216.
Package xcolor Info: Driver file: pdftex.def on input line 225.
Package xcolor Info: Model `cmy' substituted by `cmy0' on input line 1337.
Package xcolor Info: Model `hsb' substituted by `rgb' on input line 1341.
Package xcolor Info: Model `RGB' extended on input line 1353.
Package xcolor Info: Model `HTML' substituted by `rgb' on input line 1355.
Package xcolor Info: Model `Hsb' substituted by `hsb' on input line 1356.
Package xcolor Info: Model `tHsb' substituted by `hsb' on input line 1357.
Package xcolor Info: Model `HSB' substituted by `hsb' on input line 1358.
Package xcolor Info: Model `Gray' substituted by `gray' on input line 1359.
Package xcolor Info: Model `wave' substituted by `hsb' on input line 1360.

(/usr/local/texlive/2007/texmf-dist/tex/latex/graphics/dvipsnam.def
File: dvipsnam.def 1999/02/16 v3.0i Driver-dependant file (DPC,SPQR)
))
Class revtex4-1 Info: Patching array package. on input line 69.
Class revtex4-1 Info: Robustifying \LaTeX's \boldmath command on input line 69.

Class revtex4-1 Info: cite was not loaded (OK!) on input line 69.
Class revtex4-1 Info: mcite was not loaded (OK!) on input line 69.
Class revtex4-1 Info: multicol was not loaded (OK!) on input line 69.

(./IF_HOC_5.aux)
\openout1 = `IF_HOC_5.aux'.

LaTeX Font Info:    Checking defaults for OML/cmm/m/it on input line 69.
LaTeX Font Info:    ... okay on input line 69.
LaTeX Font Info:    Checking defaults for T1/cmr/m/n on input line 69.
LaTeX Font Info:    ... okay on input line 69.
LaTeX Font Info:    Checking defaults for OT1/cmr/m/n on input line 69.
LaTeX Font Info:    ... okay on input line 69.
LaTeX Font Info:    Checking defaults for OMS/cmsy/m/n on input line 69.
LaTeX Font Info:    ... okay on input line 69.
LaTeX Font Info:    Checking defaults for OMX/cmex/m/n on input line 69.
LaTeX Font Info:    ... okay on input line 69.
LaTeX Font Info:    Checking defaults for U/cmr/m/n on input line 69.
LaTeX Font Info:    ... okay on input line 69.

(/usr/local/texlive/2007/texmf-dist/tex/context/base/supp-pdf.tex
[Loading MPS to PDF converter (version 2006.09.02).]
\scratchcounter=\count108
\scratchdimen=\dimen115
\scratchbox=\box43
\nofMPsegments=\count109
\nofMParguments=\count110
\MPscratchCnt=\count111
\MPscratchDim=\dimen116
\MPnumerator=\count112
\everyMPtoPDFconversion=\toks24
)
\openout3 = `IF_HOC_5Notes.bib'.

LaTeX Font Info:    Try loading font information for U+msa on input line 97.
 (/usr/local/texlive/2007/texmf-dist/tex/latex/amsfonts/umsa.fd
File: umsa.fd 2002/01/19 v2.2g AMS font definitions
)
LaTeX Font Info:    Try loading font information for U+msb on input line 97.

(/usr/local/texlive/2007/texmf-dist/tex/latex/amsfonts/umsb.fd
File: umsb.fd 2002/01/19 v2.2g AMS font definitions
)

Class revtex4-1 Warning: If you want your PACS to appear in your output, use do
cument class option showpacs.

LaTeX Font Info:    Try loading font information for OMS+cmr on input line 100.

(/usr/local/texlive/2007/texmf-dist/tex/latex/base/omscmr.fd
File: omscmr.fd 1999/05/25 v2.5h Standard LaTeX font definitions
)
LaTeX Font Info:    Font shape `OMS/cmr/m/n' in size <10> not available
(Font)              Font shape `OMS/cmsy/m/n' tried instead on input line 100.


Package natbib Warning: Citation `Macke:2011gw' on page 1 undefined on input li
ne 110.


Underfull \hbox (badness 1024) in paragraph at lines 114--118
[]\OT1/cmr/m/n/10 Can we show some study in the op-po-site sense:
 []


Underfull \hbox (badness 1112) in paragraph at lines 114--118
\OT1/cmr/m/n/10 that max ent works for larger pop-u-la-tions. Gan-
 []


Underfull \hbox (badness 1281) in paragraph at lines 114--118
\OT1/cmr/m/n/10 mor? Yu's sug-ges-tion. Val-ues of cor-re-la-tion co-
 []


Underfull \hbox (badness 4108) in paragraph at lines 114--118
\OT1/cmr/m/n/10 ef-fi-cients in lit-er-a-ture? [][][][][][]
 []



pdfTeX warning: /usr/texbin/pdflatex (file ../../R/fig_1/EIF_schematic.pdf): PD
F inclusion: found PDF version <1.5>, but at most version <1.4> allowed
<../../R/fig_1/EIF_schematic.pdf, id=1, 487.8225pt x 199.1691pt>
File: ../../R/fig_1/EIF_schematic.pdf Graphic file (type pdf)

<use ../../R/fig_1/EIF_schematic.pdf>
Overfull \hbox (241.8213pt too wide) in paragraph at lines 133--134
 [][] 
 []


LaTeX Warning: Reference `eifsde' on page 1 undefined on input line 134.


LaTeX Warning: Reference `eifsde' on page 1 undefined on input line 134.


LaTeX Warning: Reference `fig:schematic' on page 1 undefined on input line 140.



Package natbib Warning: Citation `Macke' on page 1 undefined on input line 148.



Package natbib Warning: Citation `Barreiro' on page 1 undefined on input line 1
48.


Package natbib Warning: Citation `Panzeri' on page 1 undefined on input line 14
8.


Package natbib Warning: Citation `Amarietal03' on page 1 undefined on input lin
e 148.


LaTeX Warning: Reference `fig:eifising' on page 1 undefined on input line 148.

[1{/usr/local/texlive/2007/texmf-var/fonts/map/pdftex/updmap/pdftex.map}]

LaTeX Warning: A float is stuck (cannot be placed) on input line 152.


LaTeX Warning: A float is stuck (cannot be placed) on input line 152.


Class revtex4-1 Warning: Deferred float stuck during \clearpage processing.



pdfTeX warning: /usr/texbin/pdflatex (file ../../R/fig_2/fig_2a_test.pdf): PDF 
inclusion: found PDF version <1.5>, but at most version <1.4> allowed
<../../R/fig_2/fig_2a_test.pdf, id=21, 243.91125pt x 361.35pt>
File: ../../R/fig_2/fig_2a_test.pdf Graphic file (type pdf)

<use ../../R/fig_2/fig_2a_test.pdf>

LaTeX Warning: `h' float specifier changed to `ht'.


LaTeX Warning: Reference `fig:eifising' on page 2 undefined on input line 162.


Package natbib Warning: Citation `Macke' on page 2 undefined on input line 162.



Package natbib Warning: Citation `cf. Roudi' on page 2 undefined on input line 
162.



pdfTeX warning: /usr/texbin/pdflatex (file ../../R/fig_1/LNL_schematic.pdf): PD
F inclusion: found PDF version <1.5>, but at most version <1.4> allowed
<../../R/fig_1/LNL_schematic.pdf, id=22, 246.9225pt x 199.1691pt>
File: ../../R/fig_1/LNL_schematic.pdf Graphic file (type pdf)

<use ../../R/fig_1/LNL_schematic.pdf>
Overfull \hbox (0.92188pt too wide) in paragraph at lines 178--179
 [][] 
 []



pdfTeX warning: /usr/texbin/pdflatex (file ../../R/fig_3/fig_3a_test.pdf): PDF 
inclusion: found PDF version <1.5>, but at most version <1.4> allowed
<../../R/fig_3/fig_3a_test.pdf, id=23, 243.91125pt x 361.35pt>
File: ../../R/fig_3/fig_3a_test.pdf Graphic file (type pdf)

<use ../../R/fig_3/fig_3a_test.pdf>

LaTeX Warning: `h' float specifier changed to `ht'.



pdfTeX warning: /usr/texbin/pdflatex (file ../../R/fig_4/fig_4.pdf): PDF inclus
ion: found PDF version <1.5>, but at most version <1.4> allowed
<../../R/fig_4/fig_4.pdf, id=24, 487.8225pt x 119.44624pt>
File: ../../R/fig_4/fig_4.pdf Graphic file (type pdf)

<use ../../R/fig_4/fig_4.pdf>

LaTeX Warning: Reference `eifsde' on page 2 undefined on input line 200.

[2 <../../R/fig_1/EIF_schematic.pdf

pdfTeX warning: /usr/texbin/pdflatex (file ../../R/fig_1/EIF_schematic.pdf): PD
F inclusion: Page Group detected which pdfTeX can't handle. Ignoring it.
> <../../R/fig_2/fig_2a_test.pdf

pdfTeX warning: /usr/texbin/pdflatex (file ../../R/fig_2/fig_2a_test.pdf): PDF 
inclusion: Page Group detected which pdfTeX can't handle. Ignoring it.
>]

LaTeX Warning: A float is stuck (cannot be placed) on input line 201.


LaTeX Warning: A float is stuck (cannot be placed) on input line 201.


Class revtex4-1 Warning: Deferred float stuck during \clearpage processing.


LaTeX Warning: Reference `fig:schematic2' on page 3 undefined on input line 202
.


LaTeX Warning: Reference `fig:eiffilter' on page 3 undefined on input line 244.



LaTeX Warning: Reference `fig:eiffilter' on page 3 undefined on input line 244.


[3 <../../R/fig_1/LNL_schematic.pdf

pdfTeX warning: /usr/texbin/pdflatex (file ../../R/fig_1/LNL_schematic.pdf): PD
F inclusion: Page Group detected which pdfTeX can't handle. Ignoring it.
> <../../R/fig_3/fig_3a_test.pdf

pdfTeX warning: /usr/texbin/pdflatex (file ../../R/fig_3/fig_3a_test.pdf): PDF 
inclusion: Page Group detected which pdfTeX can't handle. Ignoring it.
>]

Package natbib Warning: Citation `Amari' on page 4 undefined on input line 261.



Package natbib Warning: Citation `Macke' on page 4 undefined on input line 261.



Package natbib Warning: Citation `Yu' on page 4 undefined on input line 261.


Package natbib Warning: Citation `Amari' on page 4 undefined on input line 263.



Package natbib Warning: Citation `Macke' on page 4 undefined on input line 263.



LaTeX Warning: Reference `e.Ldg' on page 4 undefined on input line 270.


LaTeX Warning: Reference `fig:lnldgcomp' on page 4 undefined on input line 272.


[4 <../../R/fig_4/fig_4.pdf

pdfTeX warning: /usr/texbin/pdflatex (file ../../R/fig_4/fig_4.pdf): PDF inclus
ion: Page Group detected which pdfTeX can't handle. Ignoring it.
>] (./IF_HOC_5.bbl

LaTeX Warning: Reference `LastBibItem' on page 5 undefined on input line 9.


Package natbib Warning: Empty `thebibliography' environment on input line 53.

)

Package natbib Warning: Citation `Abb-Dayan' on page 5 undefined on input line 
322.


LaTeX Warning: Reference `e.Ldg' on page 5 undefined on input line 322.


Package natbib Warning: There were undefined citations.

[5] (./IF_HOC_5.aux)

LaTeX Warning: There were undefined references.


LaTeX Warning: Label(s) may have changed. Rerun to get cross-references right .


 ) 
Here is how much of TeX's memory you used:
 4453 strings out of 94073
 55926 string characters out of 1162984
 138102 words of memory out of 1500000
 7669 multiletter control sequences out of 10000+50000
 16825 words of font info for 62 fonts, out of 1200000 for 2000
 645 hyphenation exceptions out of 8191
 34i,12n,35p,1363b,302s stack positions out of 5000i,500n,6000p,200000b,5000s
</usr/local/texlive/2007/texmf-dist/fonts/type1/bluesky/cm/cmbx10.pfb></usr/l
ocal/texlive/2007/texmf-dist/fonts/type1/bluesky/cm/cmbx12.pfb></usr/local/texl
ive/2007/texmf-dist/fonts/type1/bluesky/cm/cmbx9.pfb></usr/local/texlive/2007/t
exmf-dist/fonts/type1/bluesky/cm/cmex10.pfb></usr/local/texlive/2007/texmf-dist
/fonts/type1/bluesky/cm/cmmi10.pfb></usr/local/texlive/2007/texmf-dist/fonts/ty
pe1/bluesky/cm/cmmi6.pfb></usr/local/texlive/2007/texmf-dist/fonts/type1/bluesk
y/cm/cmmi7.pfb></usr/local/texlive/2007/texmf-dist/fonts/type1/bluesky/cm/cmmi9
.pfb></usr/local/texlive/2007/texmf-dist/fonts/type1/bluesky/cm/cmr10.pfb></usr
/local/texlive/2007/texmf-dist/fonts/type1/bluesky/cm/cmr7.pfb></usr/local/texl
ive/2007/texmf-dist/fonts/type1/bluesky/cm/cmr8.pfb></usr/local/texlive/2007/te
xmf-dist/fonts/type1/bluesky/cm/cmr9.pfb></usr/local/texlive/2007/texmf-dist/fo
nts/type1/bluesky/cm/cmsy10.pfb></usr/local/texlive/2007/texmf-dist/fonts/type1
/bluesky/cm/cmsy5.pfb></usr/local/texlive/2007/texmf-dist/fonts/type1/bluesky/c
m/cmsy6.pfb></usr/local/texlive/2007/texmf-dist/fonts/type1/bluesky/cm/cmsy7.pf
b></usr/local/texlive/2007/texmf-dist/fonts/type1/bluesky/cm/cmsy9.pfb></usr/lo
cal/texlive/2007/texmf-dist/fonts/type1/bluesky/cm/cmti10.pfb></usr/local/texli
ve/2007/texmf-dist/fonts/type1/bluesky/cm/cmti9.pfb>
Output written on IF_HOC_5.pdf (5 pages, 1423752 bytes).
PDF statistics:
 2019 PDF objects out of 2073 (max. 8388607)
 0 named destinations out of 1000 (max. 131072)
 26 words of extra memory for PDF output out of 10000 (max. 10000000)

