This is pdfTeX, Version 3.1415926-2.3-1.40.12 (TeX Live 2011) (format=pdflatex 2012.4.7)  11 MAR 2013 15:57
entering extended mode
 \write18 enabled.
 file:line:error style messages enabled.
 %&-line parsing enabled.
**IF_HOC_6_ESB.tex
(./IF_HOC_6_ESB.tex
LaTeX2e <2011/06/27>
Babel <v3.8m> and hyphenation patterns for english, dumylang, nohyphenation, ge
rman-x-2011-07-01, ngerman-x-2011-07-01, afrikaans, ancientgreek, ibycus, arabi
c, armenian, basque, bulgarian, catalan, pinyin, coptic, croatian, czech, danis
h, dutch, ukenglish, usenglishmax, esperanto, estonian, ethiopic, farsi, finnis
h, french, galician, german, ngerman, swissgerman, monogreek, greek, hungarian,
 icelandic, assamese, bengali, gujarati, hindi, kannada, malayalam, marathi, or
iya, panjabi, tamil, telugu, indonesian, interlingua, irish, italian, kurmanji,
 lao, latin, latvian, lithuanian, mongolian, mongolianlmc, bokmal, nynorsk, pol
ish, portuguese, romanian, russian, sanskrit, serbian, serbianc, slovak, sloven
ian, spanish, swedish, turkish, turkmen, ukrainian, uppersorbian, welsh, loaded
.
(/usr/local/texlive/2011/texmf-dist/tex/latex/revtex4/revtex4.cls
Document Class: revtex4 2001/08/02 v4.0 (http://publish.aps.org/revtex4/ for do
cumentation)
 Copyright (c) 2001 The American Physical Society.
 mailto:revtex@aps.org
 Licensed under the LPPL:
http://www.ctan.org/tex-archive/macros/latex/base/lppl.txt
 Arthur Ogawa <ogawa@teleport.com>
 Based on work by David Carlisle <david@dcarlisle.demon.co.uk>.
ltxutil: portions licensed from W. E. Baxter (web@superscript.com)
Class revtex4 Info: Repairing broken LateX \@sect on input line 596.
\intertabularlinepenalty=\count79
\@tbpen=\count80
\@arstrutbox@hline=\box26
Class revtex4 Info: Repairing broken LaTeX \@xbitor on input line 1610.
ltxgrid: portions licensed from W. E. Baxter (web@superscript.com)
\c@linecount=\count81
\output=\toks14
\@protection@box=\box27
\@topmark@saved=\toks15
\footins@saved=\box28
\pagesofar=\box29
\footbox=\box30
\pagegrid@col=\count82
Class revtex4 Info: Incorporating package {textcase}  [1998/11/12 v0.06 Text on
ly upper/lower case changing (DPC)]. on input line 3682.
(/usr/local/texlive/2011/texmf-dist/tex/latex/url/url.sty
\Urlmuskip=\muskip10
Package: url 2006/04/12  ver 3.3  Verb mode for urls, etc.
)
\c@affil=\count83
\absbox=\box31
\c@part=\count84
\c@section=\count85
\c@subsection=\count86
\c@subsubsection=\count87
\c@paragraph=\count88
\c@subparagraph=\count89
\abovecaptionskip=\skip41
\belowcaptionskip=\skip42
\c@figure=\count90
\c@table=\count91

(/usr/local/texlive/2011/texmf-dist/tex/latex/natbib/natbib.sty
Package: natbib 2010/09/13 8.31b (PWD, AO)
\bibhang=\skip43
\bibsep=\skip44
LaTeX Info: Redefining \cite on input line 694.
\c@NAT@ctr=\count92
)
\widetext@top=\box32
\widetext@bot=\box33

(/usr/local/texlive/2011/texmf-dist/tex/latex/revtex4/revsymb.sty
Package: revsymb 2001/08/02 v4.0 (http://publish.aps.org/revtex4/ for documenta
tion)
LaTeX Info: Redefining \REV@mathfrak on input line 118.
))
(/usr/local/texlive/2011/texmf-dist/tex/latex/amsfonts/amssymb.sty
Package: amssymb 2009/06/22 v3.00

(/usr/local/texlive/2011/texmf-dist/tex/latex/amsfonts/amsfonts.sty
Package: amsfonts 2009/06/22 v3.00 Basic AMSFonts support
\@emptytoks=\toks16
\symAMSa=\mathgroup4
\symAMSb=\mathgroup5
LaTeX Font Info:    Overwriting math alphabet `\mathfrak' in version `bold'
(Font)                  U/euf/m/n --> U/euf/b/n on input line 96.
LaTeX Info: Redefining \frak on input line 99.
LaTeX Info: Redefining \Bbb on input line 101.
))
(/usr/local/texlive/2011/texmf-dist/tex/latex/amsmath/amsmath.sty
Package: amsmath 2000/07/18 v2.13 AMS math features
\@mathmargin=\skip45

For additional information on amsmath, use the `?' option.
(/usr/local/texlive/2011/texmf-dist/tex/latex/amsmath/amstext.sty
Package: amstext 2000/06/29 v2.01

(/usr/local/texlive/2011/texmf-dist/tex/latex/amsmath/amsgen.sty
File: amsgen.sty 1999/11/30 v2.0
\@emptytoks=\toks17
\ex@=\dimen102
))
(/usr/local/texlive/2011/texmf-dist/tex/latex/amsmath/amsbsy.sty
Package: amsbsy 1999/11/29 v1.2d
\pmbraise@=\dimen103
)
(/usr/local/texlive/2011/texmf-dist/tex/latex/amsmath/amsopn.sty
Package: amsopn 1999/12/14 v2.01 operator names
)
\inf@bad=\count93
LaTeX Info: Redefining \frac on input line 211.
\uproot@=\count94
\leftroot@=\count95
LaTeX Info: Redefining \overline on input line 307.
\classnum@=\count96
\DOTSCASE@=\count97
LaTeX Info: Redefining \ldots on input line 379.
LaTeX Info: Redefining \dots on input line 382.
LaTeX Info: Redefining \cdots on input line 467.
\Mathstrutbox@=\box34
\strutbox@=\box35
\big@size=\dimen104
LaTeX Font Info:    Redeclaring font encoding OML on input line 567.
LaTeX Font Info:    Redeclaring font encoding OMS on input line 568.
\macc@depth=\count98
\c@MaxMatrixCols=\count99
\dotsspace@=\muskip11
\c@parentequation=\count100
\dspbrk@lvl=\count101
\tag@help=\toks18
\row@=\count102
\column@=\count103
\maxfields@=\count104
\andhelp@=\toks19
\eqnshift@=\dimen105
\alignsep@=\dimen106
\tagshift@=\dimen107
\tagwidth@=\dimen108
\totwidth@=\dimen109
\lineht@=\dimen110
\@envbody=\toks20
\multlinegap=\skip46
\multlinetaggap=\skip47
\mathdisplay@stack=\toks21
LaTeX Info: Redefining \[ on input line 2666.
LaTeX Info: Redefining \] on input line 2667.
)
(/usr/local/texlive/2011/texmf-dist/tex/latex/revtex4/aps.rtx
File: aps.rtx 2001/08/02 v4.0 (http://publish.aps.org/revtex4/ for documentatio
n)
)
(/usr/local/texlive/2011/texmf-dist/tex/latex/revtex4/10pt.rtx
File: 10pt.rtx 2001/08/02 v4.0 (http://publish.aps.org/revtex4/ for documentati
on)
)
(/usr/local/texlive/2011/texmf-dist/tex/latex/graphics/graphicx.sty
Package: graphicx 1999/02/16 v1.0f Enhanced LaTeX Graphics (DPC,SPQR)

(/usr/local/texlive/2011/texmf-dist/tex/latex/graphics/keyval.sty
Package: keyval 1999/03/16 v1.13 key=value parser (DPC)
\KV@toks@=\toks22
)
(/usr/local/texlive/2011/texmf-dist/tex/latex/graphics/graphics.sty
Package: graphics 2009/02/05 v1.0o Standard LaTeX Graphics (DPC,SPQR)

(/usr/local/texlive/2011/texmf-dist/tex/latex/graphics/trig.sty
Package: trig 1999/03/16 v1.09 sin cos tan (DPC)
)
(/usr/local/texlive/2011/texmf-dist/tex/latex/latexconfig/graphics.cfg
File: graphics.cfg 2010/04/23 v1.9 graphics configuration of TeX Live
)
Package graphics Info: Driver file: pdftex.def on input line 91.

(/usr/local/texlive/2011/texmf-dist/tex/latex/pdftex-def/pdftex.def
File: pdftex.def 2011/05/27 v0.06d Graphics/color for pdfTeX

(/usr/local/texlive/2011/texmf-dist/tex/generic/oberdiek/infwarerr.sty
Package: infwarerr 2010/04/08 v1.3 Providing info/warning/message (HO)
)
(/usr/local/texlive/2011/texmf-dist/tex/generic/oberdiek/ltxcmds.sty
Package: ltxcmds 2011/04/18 v1.20 LaTeX kernel commands for general use (HO)
)
\Gread@gobject=\count105
))
\Gin@req@height=\dimen111
\Gin@req@width=\dimen112
)
(/usr/local/texlive/2011/texmf-dist/tex/latex/tools/dcolumn.sty
Package: dcolumn 2001/05/28 v1.06 decimal alignment package (DPC)

(/usr/local/texlive/2011/texmf-dist/tex/latex/tools/array.sty
Package: array 2008/09/09 v2.4c Tabular extension package (FMi)
\col@sep=\dimen113
\extrarowheight=\dimen114
\NC@list=\toks23
\extratabsurround=\skip48
\backup@length=\skip49
))
(/usr/local/texlive/2011/texmf-dist/tex/latex/tools/bm.sty
Package: bm 2004/02/26 v1.1c Bold Symbol Support (DPC/FMi)
\symboldoperators=\mathgroup6
\symboldletters=\mathgroup7
\symboldsymbols=\mathgroup8
LaTeX Font Info:    Redeclaring math alphabet \mathbf on input line 138.
LaTeX Info: Redefining \bm on input line 204.
)
(/usr/local/texlive/2011/texmf-dist/tex/latex/xcolor/xcolor.sty
Package: xcolor 2007/01/21 v2.11 LaTeX color extensions (UK)

(/usr/local/texlive/2011/texmf-dist/tex/latex/latexconfig/color.cfg
File: color.cfg 2007/01/18 v1.5 color configuration of teTeX/TeXLive
)
Package xcolor Info: Package option `usenames' ignored on input line 216.
Package xcolor Info: Driver file: pdftex.def on input line 225.
Package xcolor Info: Model `cmy' substituted by `cmy0' on input line 1337.
Package xcolor Info: Model `hsb' substituted by `rgb' on input line 1341.
Package xcolor Info: Model `RGB' extended on input line 1353.
Package xcolor Info: Model `HTML' substituted by `rgb' on input line 1355.
Package xcolor Info: Model `Hsb' substituted by `hsb' on input line 1356.
Package xcolor Info: Model `tHsb' substituted by `hsb' on input line 1357.
Package xcolor Info: Model `HSB' substituted by `hsb' on input line 1358.
Package xcolor Info: Model `Gray' substituted by `gray' on input line 1359.
Package xcolor Info: Model `wave' substituted by `hsb' on input line 1360.

(/usr/local/texlive/2011/texmf-dist/tex/latex/graphics/dvipsnam.def
File: dvipsnam.def 1999/02/16 v3.0i Driver-dependant file (DPC,SPQR)
))

LaTeX Warning: Unused global option(s):
    [reprint].

(./IF_HOC_6_ESB.aux)
\openout1 = `IF_HOC_6_ESB.aux'.

LaTeX Font Info:    Checking defaults for OML/cmm/m/it on input line 69.
LaTeX Font Info:    ... okay on input line 69.
LaTeX Font Info:    Checking defaults for T1/cmr/m/n on input line 69.
LaTeX Font Info:    ... okay on input line 69.
LaTeX Font Info:    Checking defaults for OT1/cmr/m/n on input line 69.
LaTeX Font Info:    ... okay on input line 69.
LaTeX Font Info:    Checking defaults for OMS/cmsy/m/n on input line 69.
LaTeX Font Info:    ... okay on input line 69.
LaTeX Font Info:    Checking defaults for OMX/cmex/m/n on input line 69.
LaTeX Font Info:    ... okay on input line 69.
LaTeX Font Info:    Checking defaults for U/cmr/m/n on input line 69.
LaTeX Font Info:    ... okay on input line 69.
Class revtex4 Info: Patching array package. on input line 69.
Class revtex4 Info: cite was not loaded (OK!) on input line 69.
Class revtex4 Info: multicol was not loaded (OK!) on input line 69.

(/usr/local/texlive/2011/texmf-dist/tex/context/base/supp-pdf.mkii
[Loading MPS to PDF converter (version 2006.09.02).]
\scratchcounter=\count106
\scratchdimen=\dimen115
\scratchbox=\box36
\nofMPsegments=\count107
\nofMParguments=\count108
\everyMPshowfont=\toks24
\MPscratchCnt=\count109
\MPscratchDim=\dimen116
\MPnumerator=\count110
\makeMPintoPDFobject=\count111
\everyMPtoPDFconversion=\toks25
) (/usr/local/texlive/2011/texmf-dist/tex/generic/oberdiek/pdftexcmds.sty
Package: pdftexcmds 2011/04/22 v0.16 Utilities of pdfTeX for LuaTeX (HO)

(/usr/local/texlive/2011/texmf-dist/tex/generic/oberdiek/ifluatex.sty
Package: ifluatex 2010/03/01 v1.3 Provides the ifluatex switch (HO)
Package ifluatex Info: LuaTeX not detected.
)
(/usr/local/texlive/2011/texmf-dist/tex/generic/oberdiek/ifpdf.sty
Package: ifpdf 2011/01/30 v2.3 Provides the ifpdf switch (HO)
Package ifpdf Info: pdfTeX in PDF mode is detected.
)
Package pdftexcmds Info: LuaTeX not detected.
Package pdftexcmds Info: \pdf@primitive is available.
Package pdftexcmds Info: \pdf@ifprimitive is available.
Package pdftexcmds Info: \pdfdraftmode found.
)
(/usr/local/texlive/2011/texmf-dist/tex/latex/oberdiek/epstopdf-base.sty
Package: epstopdf-base 2010/02/09 v2.5 Base part for package epstopdf

(/usr/local/texlive/2011/texmf-dist/tex/latex/oberdiek/grfext.sty
Package: grfext 2010/08/19 v1.1 Managing graphics extensions (HO)

(/usr/local/texlive/2011/texmf-dist/tex/generic/oberdiek/kvdefinekeys.sty
Package: kvdefinekeys 2011/04/07 v1.3 Defining keys (HO)
))
(/usr/local/texlive/2011/texmf-dist/tex/latex/oberdiek/kvoptions.sty
Package: kvoptions 2010/12/23 v3.10 Keyval support for LaTeX options (HO)

(/usr/local/texlive/2011/texmf-dist/tex/generic/oberdiek/kvsetkeys.sty
Package: kvsetkeys 2011/04/07 v1.13 Key value parser (HO)

(/usr/local/texlive/2011/texmf-dist/tex/generic/oberdiek/etexcmds.sty
Package: etexcmds 2011/02/16 v1.5 Prefix for e-TeX command names (HO)
Package etexcmds Info: Could not find \expanded.
(etexcmds)             That can mean that you are not using pdfTeX 1.50 or
(etexcmds)             that some package has redefined \expanded.
(etexcmds)             In the latter case, load this package earlier.
)))
Package grfext Info: Graphics extension search list:
(grfext)             [.png,.pdf,.jpg,.mps,.jpeg,.jbig2,.jb2,.PNG,.PDF,.JPG,.JPE
G,.JBIG2,.JB2,.eps]
(grfext)             \AppendGraphicsExtensions on input line 452.

(/usr/local/texlive/2011/texmf-dist/tex/latex/latexconfig/epstopdf-sys.cfg
File: epstopdf-sys.cfg 2010/07/13 v1.3 Configuration of (r)epstopdf for TeX Liv
e
))
LaTeX Font Info:    Try loading font information for U+msa on input line 97.

(/usr/local/texlive/2011/texmf-dist/tex/latex/amsfonts/umsa.fd
File: umsa.fd 2009/06/22 v3.00 AMS symbols A
)
LaTeX Font Info:    Try loading font information for U+msb on input line 97.

(/usr/local/texlive/2011/texmf-dist/tex/latex/amsfonts/umsb.fd
File: umsb.fd 2009/06/22 v3.00 AMS symbols B
)

Class revtex4 Warning: If you want your PACS to appear in your output, use docu
ment class option showpacs.

LaTeX Font Info:    Try loading font information for OMS+cmr on input line 100.

(/usr/local/texlive/2011/texmf-dist/tex/latex/base/omscmr.fd
File: omscmr.fd 1999/05/25 v2.5h Standard LaTeX font definitions
)
LaTeX Font Info:    Font shape `OMS/cmr/m/n' in size <10> not available
(Font)              Font shape `OMS/cmsy/m/n' tried instead on input line 100.


Package natbib Warning: Citation `shlens' on page 1 undefined on input line 109
.


Package natbib Warning: Citation `another review' on page 1 undefined on input 
line 109.


Package natbib Warning: Citation `pillow' on page 1 undefined on input line 109
.


Package natbib Warning: Citation `ganmor' on page 1 undefined on input line 109
.


Package natbib Warning: Citation `kass review' on page 1 undefined on input lin
e 109.


Package natbib Warning: Citation `joel review' on page 1 undefined on input lin
e 109.


Package natbib Warning: Citation `schneidman06' on page 1 undefined on input li
ne 109.


Package natbib Warning: Citation `shlens06' on page 1 undefined on input line 1
09.


Package natbib Warning: Citation `shlens09' on page 1 undefined on input line 1
09.


Package natbib Warning: Citation `victor' on page 1 undefined on input line 109
.


Package natbib Warning: Citation `ganmor' on page 1 undefined on input line 109
.


Package natbib Warning: Citation `montani' on page 1 undefined on input line 10
9.


Package natbib Warning: Citation `yu' on page 1 undefined on input line 109.


Package natbib Warning: Citation `shadnew08' on page 1 undefined on input line 
111.


Package natbib Warning: Citation `binpowers' on page 1 undefined on input line 
111.


Package natbib Warning: Citation `tr08' on page 1 undefined on input line 111.


Package natbib Warning: Citation `Fourcard-Troume' on page 1 undefined on input
 line 125.


Package natbib Warning: Citation `Abbott-Dayan' on page 1 undefined on input li
ne 125.


LaTeX Warning: Reference `schematic' on page 1 undefined on input line 125.

<figures/EIF_schematic.pdf, id=1, 487.8225pt x 199.1691pt>
File: figures/EIF_schematic.pdf Graphic file (type pdf)

<use figures/EIF_schematic.pdf>
Package pdftex.def Info: figures/EIF_schematic.pdf used on input line 129.
(pdftex.def)             Requested size: 487.8213pt x 199.1686pt.

Overfull \hbox (241.8213pt too wide) in paragraph at lines 129--130
 [][] 
 []


Package natbib Warning: Citation `Macke' on page 1 undefined on input line 144.



Package natbib Warning: Citation `Barreiro' on page 1 undefined on input line 1
44.


Package natbib Warning: Citation `Panzeri' on page 1 undefined on input line 14
4.

[1{/usr/local/texlive/2011/texmf-var/fonts/map/pdftex/updmap/pdftex.map}]

LaTeX Warning: A float is stuck (cannot be placed) on input line 148.


LaTeX Warning: A float is stuck (cannot be placed) on input line 148.


Class revtex4 Warning: Deferred float stuck during \clearpage processing.

<figures/fig_2a.pdf, id=23, 243.91125pt x 334.24875pt>
File: figures/fig_2a.pdf Graphic file (type pdf)

<use figures/fig_2a.pdf>
Package pdftex.def Info: figures/fig_2a.pdf used on input line 152.
(pdftex.def)             Requested size: 243.91064pt x 334.24792pt.

Underfull \hbox (badness 3884) in paragraph at lines 154--154
[]\OT1/cmr/m/n/9 FIG. 2: [](a) Pop-u-la-tion spike-count dis-tri-bu-tions for
 []


Underfull \hbox (badness 1412) in paragraph at lines 154--154
\OT1/cmr/m/n/9 the EIF model and its second-order ap-prox-i-ma-tion for
 []


LaTeX Warning: `h' float specifier changed to `ht'.


Package natbib Warning: Citation `Macke' on page 2 undefined on input line 158.



Package natbib Warning: Citation `cf. Roudi' on page 2 undefined on input line 
158.

<figures/fig_3a.pdf, id=24, 243.91125pt x 198.7425pt>
File: figures/fig_3a.pdf Graphic file (type pdf)
 <use figures/fig_3a.pdf>
Package pdftex.def Info: figures/fig_3a.pdf used on input line 174.
(pdftex.def)             Requested size: 243.91064pt x 198.742pt.

<figures/fig_4a.pdf, id=25, 243.91125pt x 334.24875pt>
File: figures/fig_4a.pdf Graphic file (type pdf)

<use figures/fig_4a.pdf>
Package pdftex.def Info: figures/fig_4a.pdf used on input line 181.
(pdftex.def)             Requested size: 243.91064pt x 334.24792pt.


LaTeX Warning: `h' float specifier changed to `ht'.

<figures/fig_5.pdf, id=26, 487.8225pt x 119.44624pt>
File: figures/fig_5.pdf Graphic file (type pdf)
 <use figures/fig_5.pdf>
Package pdftex.def Info: figures/fig_5.pdf used on input line 188.
(pdftex.def)             Requested size: 487.8213pt x 119.44594pt.

[2 <./figures/EIF_schematic.pdf> <./figures/fig_2a.pdf>]

LaTeX Warning: A float is stuck (cannot be placed) on input line 197.


LaTeX Warning: A float is stuck (cannot be placed) on input line 197.


Class revtex4 Warning: Deferred float stuck during \clearpage processing.

[3 <./figures/fig_3a.pdf> <./figures/fig_4a.pdf>]

Package natbib Warning: Citation `Amari' on page 4 undefined on input line 257.



Package natbib Warning: Citation `Macke' on page 4 undefined on input line 257.



Package natbib Warning: Citation `Yu' on page 4 undefined on input line 257.


Package natbib Warning: Citation `Amari' on page 4 undefined on input line 259.



Package natbib Warning: Citation `Macke' on page 4 undefined on input line 259.


[4 <./figures/fig_5.pdf>]
Underfull \hbox (badness 1776) in paragraph at lines 291--294
[]\OT1/cmr/m/it/10 Summary and con-clu-sion: \OT1/cmr/m/n/10 We have shown that

 []

(./IF_HOC_6_ESB.bbl) [5]

Package natbib Warning: Citation `Abb-Dayan' on page 6 undefined on input line 
321.


Package natbib Warning: There were undefined citations.

[6] (./IF_HOC_6_ESB.aux)

LaTeX Warning: There were undefined references.

 ) 
Here is how much of TeX's memory you used:
 4672 strings out of 493625
 59934 string characters out of 3143270
 148966 words of memory out of 3000000
 7884 multiletter control sequences out of 15000+200000
 16975 words of font info for 63 fonts, out of 3000000 for 9000
 831 hyphenation exceptions out of 8191
 38i,12n,35p,1367b,305s stack positions out of 5000i,500n,10000p,200000b,50000s
</usr/local/texlive/2011/texmf-dist/fonts/type1/public/amsfonts/cm/cmbx10.pfb
></usr/local/texlive/2011/texmf-dist/fonts/type1/public/amsfonts/cm/cmbx12.pfb>
</usr/local/texlive/2011/texmf-dist/fonts/type1/public/amsfonts/cm/cmbx9.pfb></
usr/local/texlive/2011/texmf-dist/fonts/type1/public/amsfonts/cm/cmex10.pfb></u
sr/local/texlive/2011/texmf-dist/fonts/type1/public/amsfonts/cm/cmmi10.pfb></us
r/local/texlive/2011/texmf-dist/fonts/type1/public/amsfonts/cm/cmmi6.pfb></usr/
local/texlive/2011/texmf-dist/fonts/type1/public/amsfonts/cm/cmmi7.pfb></usr/lo
cal/texlive/2011/texmf-dist/fonts/type1/public/amsfonts/cm/cmmi9.pfb></usr/loca
l/texlive/2011/texmf-dist/fonts/type1/public/amsfonts/cm/cmr10.pfb></usr/local/
texlive/2011/texmf-dist/fonts/type1/public/amsfonts/cm/cmr6.pfb></usr/local/tex
live/2011/texmf-dist/fonts/type1/public/amsfonts/cm/cmr7.pfb></usr/local/texliv
e/2011/texmf-dist/fonts/type1/public/amsfonts/cm/cmr8.pfb></usr/local/texlive/2
011/texmf-dist/fonts/type1/public/amsfonts/cm/cmr9.pfb></usr/local/texlive/2011
/texmf-dist/fonts/type1/public/amsfonts/cm/cmsy10.pfb></usr/local/texlive/2011/
texmf-dist/fonts/type1/public/amsfonts/cm/cmsy5.pfb></usr/local/texlive/2011/te
xmf-dist/fonts/type1/public/amsfonts/cm/cmsy6.pfb></usr/local/texlive/2011/texm
f-dist/fonts/type1/public/amsfonts/cm/cmsy7.pfb></usr/local/texlive/2011/texmf-
dist/fonts/type1/public/amsfonts/cm/cmsy9.pfb></usr/local/texlive/2011/texmf-di
st/fonts/type1/public/amsfonts/cm/cmti10.pfb></usr/local/texlive/2011/texmf-dis
t/fonts/type1/public/amsfonts/cm/cmti9.pfb></usr/local/texlive/2011/texmf-dist/
fonts/type1/public/amsfonts/cm/cmtt8.pfb>
Output written on IF_HOC_6_ESB.pdf (6 pages, 1269524 bytes).
PDF statistics:
 2016 PDF objects out of 2073 (max. 8388607)
 1044 compressed objects within 11 object streams
 0 named destinations out of 1000 (max. 500000)
 26 words of extra memory for PDF output out of 10000 (max. 10000000)

